2023-12-01T04:28:02.001Z [PUT] /categoria/1
2023-12-01T08:41:09.453Z [PUT] /categoria/1
2023-12-01T08:43:54.668Z [GET] /categoria
2023-12-01T08:49:55.271Z [GET] /categoria
2023-12-01T08:51:29.571Z [GET] /categoria
2023-12-01T08:52:52.698Z [POST] /categoria
2023-12-01T08:53:09.316Z [POST] /categoria
2023-12-01T09:36:54.117Z [POST] /categoria
2023-12-01T09:37:24.233Z [POST] /categoria
2023-12-01T09:44:54.935Z [POST] /categoria
2023-12-01T09:51:51.422Z [GET] /categoria
2023-12-01T09:52:34.472Z [POST] /categoria
2023-12-01T09:58:41.246Z [POST] /categoria
2023-12-01T10:00:45.512Z [POST] /categoria
2023-12-01T10:06:13.522Z [POST] /categoria
2023-12-01T10:14:45.109Z [POST] /categoria
2023-12-01T10:16:19.717Z [POST] /categoria
2023-12-01T10:19:50.488Z [POST] /categoria
2023-12-06T14:46:48.102Z [GET] /auth/signup
2023-12-06T14:46:55.159Z [GET] /autos
2023-12-06T14:47:04.425Z [GET] /
2023-12-06T14:47:10.288Z [GET] /
2023-12-06T14:57:35.030Z [GET] /
2023-12-06T15:53:32.805Z [GET] /Categorias
2023-12-06T15:53:33.398Z [GET] /favicon.ico
2023-12-06T15:53:37.118Z [GET] /Categoria
2023-12-06T15:53:40.121Z [GET] /
2023-12-06T15:53:46.836Z [GET] /Categoria
2023-12-06T16:05:21.009Z [GET] /favicon.ico
2023-12-06T16:05:22.878Z [GET] /Categoria
2023-12-06T16:05:28.251Z [GET] /Categoria
2023-12-06T16:05:30.716Z [GET] /Categoria
2023-12-06T16:11:50.855Z [GET] /Categoria
2023-12-06T16:11:55.615Z [GET] /Categorias
2023-12-06T16:12:29.989Z [GET] /Categorias
2023-12-06T16:29:52.391Z [GET] /categorias
2023-12-06T16:29:54.703Z [GET] /categorias
2023-12-06T16:38:14.775Z [GET] /categorias
2023-12-06T16:42:39.922Z [GET] /categorias
2023-12-06T16:46:50.806Z [GET] /categorias
2023-12-06T16:46:50.839Z [GET] /views/mp4jpg/Autoslujo.mp4
2023-12-06T16:46:53.481Z [GET] /categorias
2023-12-06T16:46:53.499Z [GET] /views/mp4jpg/Autoslujo.mp4
2023-12-06T16:46:54.234Z [GET] /categorias
2023-12-06T16:46:54.249Z [GET] /views/mp4jpg/Autoslujo.mp4
2023-12-06T16:47:07.750Z [GET] /categorias
2023-12-06T16:47:07.776Z [GET] /views/mp4jpg/Autoslujo.mp4
2023-12-06T16:47:12.594Z [GET] /Categorias
2023-12-06T16:47:12.619Z [GET] /views/mp4jpg/Autoslujo.mp4
2023-12-06T16:47:19.367Z [GET] /Categorias
2023-12-06T16:47:19.385Z [GET] /views/mp4jpg/Autoslujo.mp4
2023-12-06T16:48:51.037Z [GET] /Categorias
2023-12-06T16:48:51.103Z [GET] /views/mp4jpg/Autoslujo.mp4
2023-12-06T16:49:04.545Z [GET] /Categorias
2023-12-06T16:49:07.963Z [GET] /categorias
2023-12-06T16:49:08.012Z [GET] /views/mp4jpg/Autoslujo.mp4
2023-12-06T16:49:19.966Z [GET] /categorias
2023-12-06T16:49:20.132Z [GET] /views/mp4jpg/Autoslujo.mp4
2023-12-06T16:52:18.039Z [GET] /categorias
2023-12-06T16:53:52.499Z [GET] /categorias
2023-12-06T16:54:31.398Z [GET] /categorias
2023-12-06T16:54:32.777Z [GET] /categorias
2023-12-06T16:55:11.014Z [GET] /categorias
2023-12-06T16:55:12.296Z [GET] /categorias
2023-12-06T16:55:47.382Z [GET] /categorias
2023-12-06T16:56:00.938Z [GET] /categorias
2023-12-06T16:57:15.351Z [GET] /categorias
2023-12-06T16:58:49.367Z [GET] /categorias
2023-12-06T16:58:50.285Z [GET] /categorias
2023-12-06T16:59:28.081Z [GET] /categorias
2023-12-06T16:59:28.263Z [GET] /views/mp4jpg/Autoslujo.mp4
2023-12-06T17:03:26.018Z [GET] /categorias
2023-12-06T17:03:26.086Z [GET] /views/mp4jpg/Autoslujo.mp4
2023-12-06T17:04:18.808Z [GET] /Girogrifa
2023-12-06T17:04:18.852Z [GET] /views/mp4jpg/Autoslujo.mp4
2023-12-06T17:04:20.674Z [GET] /Girogrifa
2023-12-06T17:04:20.707Z [GET] /views/mp4jpg/Autoslujo.mp4
2023-12-06T17:05:28.519Z [GET] /Girogrifa
2023-12-06T17:05:28.589Z [GET] /views/mp4jpg/Autoslujo.mp4
2023-12-06T17:05:28.590Z [GET] /views/mp4jpg/Autoslujo.mp4
2023-12-06T17:06:02.424Z [GET] /Girogrifa
2023-12-06T17:06:02.495Z [GET] /views/mp4jpg/Autoslujo.mp4
2023-12-06T17:06:02.495Z [GET] /views/mp4jpg/Autoslujo.mp4
2023-12-06T17:06:03.506Z [GET] /Girogrifa
2023-12-06T17:06:03.529Z [GET] /views/mp4jpg/Autoslujo.mp4
2023-12-06T17:06:03.536Z [GET] /views/mp4jpg/Autoslujo.mp4
2023-12-06T17:06:17.450Z [GET] /Girogrifa
2023-12-06T17:06:17.516Z [GET] /src/views/mp4jpg/Autoslujo.mp4
2023-12-06T17:06:17.516Z [GET] /views/mp4jpg/Autoslujo.mp4
2023-12-06T17:06:18.399Z [GET] /Girogrifa
2023-12-06T17:06:18.418Z [GET] /src/views/mp4jpg/Autoslujo.mp4
2023-12-06T17:06:18.419Z [GET] /views/mp4jpg/Autoslujo.mp4
2023-12-06T17:07:32.954Z [GET] /Girogrifa
2023-12-06T17:07:33.018Z [GET] /mp4jpg/Autoslujo.mp4
2023-12-06T17:07:33.019Z [GET] /views/mp4jpg/Autoslujo.mp4
2023-12-06T17:08:21.057Z [GET] /Girogrifa
2023-12-06T17:08:21.128Z [GET] /mp4jpg/Autoslujo.mp4
2023-12-06T17:08:21.134Z [GET] /mp4jpg/Autoslujo.mp4
2023-12-06T17:08:21.894Z [GET] /Girogrifa
2023-12-06T17:08:21.921Z [GET] /mp4jpg/Autoslujo.mp4
2023-12-06T17:08:21.921Z [GET] /mp4jpg/Autoslujo.mp4
2023-12-06T17:08:58.197Z [GET] /Girogrifa
2023-12-06T17:09:30.466Z [GET] /Girogrifa
2023-12-06T17:09:30.528Z [GET] /views/mp4jpg/Autoslujo.mp4
2023-12-06T17:10:45.254Z [GET] /Girogrifa
2023-12-06T17:10:45.329Z [GET] /views/mp4jpg/Autoslujo.mp4
2023-12-06T17:14:33.603Z [GET] /Girogrifa
2023-12-06T17:14:33.669Z [GET] /mp4jpg/Autoslujo.mp4
2023-12-06T17:14:34.575Z [GET] /Girogrifa
2023-12-06T17:14:34.605Z [GET] /mp4jpg/Autoslujo.mp4
2023-12-06T17:14:34.775Z [GET] /Girogrifa
2023-12-06T17:14:34.796Z [GET] /mp4jpg/Autoslujo.mp4
2023-12-06T17:20:46.706Z [GET] /Girogrifa
2023-12-06T17:20:47.998Z [GET] /Girogrifa
2023-12-06T17:22:16.295Z [GET] /Girogrifa
2023-12-06T17:22:44.707Z [GET] /Girografia
2023-12-06T17:22:44.787Z [GET] /mp4jpg/Autoslujo.mp4
2023-12-06T17:23:27.383Z [GET] /Girografia
2023-12-06T17:23:27.460Z [GET] /mp4jpg/Autoslujo.mp4
2023-12-06T17:23:28.377Z [GET] /Girografia
2023-12-06T17:23:28.405Z [GET] /mp4jpg/Autoslujo.mp4
2023-12-06T17:24:27.038Z [GET] /Girografia
2023-12-06T17:24:27.108Z [GET] /mp4jpg/Autoslujo.mp4
2023-12-06T17:24:27.110Z [GET] /mp4jpg/Autoslujo.mp4
2023-12-06T17:24:29.066Z [GET] /Girografia
2023-12-06T17:24:29.092Z [GET] /mp4jpg/Autoslujo.mp4
2023-12-06T17:24:29.092Z [GET] /mp4jpg/Autoslujo.mp4
2023-12-06T17:25:47.964Z [GET] /Girografia
2023-12-06T17:25:48.135Z [GET] /mp4jpg/Autoslujo.mp4
2023-12-06T17:25:48.141Z [GET] /mp4jpg/Autoslujo.mp4
2023-12-06T17:25:48.833Z [GET] /Girografia
2023-12-06T17:25:48.864Z [GET] /mp4jpg/Autoslujo.mp4
2023-12-06T17:25:48.864Z [GET] /mp4jpg/Autoslujo.mp4
2023-12-06T17:28:13.257Z [GET] /Girografia
2023-12-06T17:28:13.327Z [GET] /mp4jpg/Autoslujo.mp4
2023-12-06T17:28:13.330Z [GET] /mp4jpg/Autoslujo.mp4
2023-12-06T17:28:39.243Z [GET] /Girografia
2023-12-06T17:28:39.433Z [GET] /mp4jpg/Autoslujo.mp4
2023-12-06T17:30:28.820Z [GET] /Girografia
2023-12-06T17:30:28.886Z [GET] /mp4jpg/Autoslujo.mp4
2023-12-06T17:30:51.733Z [GET] /Girografia
2023-12-06T17:30:51.802Z [GET] /mp4jpg/Autoslujo.mp4
2023-12-06T17:32:45.811Z [GET] /Girografia
2023-12-06T17:32:45.882Z [GET] /mp4jpg/Autoslujo.mp4
2023-12-06T17:32:45.882Z [GET] /mp4jpg/Autoslujo.mp4
2023-12-06T17:33:25.127Z [GET] /Girografia
2023-12-06T17:33:25.307Z [GET] /mp4jpg/Autoslujo.mp4
2023-12-06T17:33:25.307Z [GET] /mp4jpg/Autoslujo.mp4
2023-12-06T17:33:26.011Z [GET] /Girografia
2023-12-06T17:33:26.037Z [GET] /mp4jpg/Autoslujo.mp4
2023-12-06T17:33:26.042Z [GET] /mp4jpg/Autoslujo.mp4
2023-12-06T17:39:13.676Z [GET] /Girografia
2023-12-06T17:39:13.721Z [GET] /mp4jpg/Autoslujo.mp4
2023-12-06T17:39:13.721Z [GET] /mp4jpg/Autoslujo.mp4
2023-12-06T17:39:53.748Z [GET] /Girografia
2023-12-06T17:39:53.820Z [GET] /mp4jpg/Autoslujo.mp4
2023-12-06T17:39:53.819Z [GET] /mp4jpg/Autoslujo.mp4
2023-12-06T17:40:06.625Z [GET] /Girografia
2023-12-06T17:40:06.701Z [GET] /mp4jpg/Autoslujo.mp4
2023-12-06T17:40:06.702Z [GET] /mp4jpg/Autoslujo.mp4
2023-12-06T17:40:07.345Z [GET] /Girografia
2023-12-06T17:40:07.372Z [GET] /mp4jpg/Autoslujo.mp4
2023-12-06T17:40:07.372Z [GET] /mp4jpg/Autoslujo.mp4
2023-12-06T17:40:19.442Z [GET] /Girografia
2023-12-06T17:40:19.621Z [GET] /mp4jpg/Autoslujo.mp4
2023-12-06T17:40:19.621Z [GET] /mp4jpg/Autoslujo.mp4
2023-12-06T17:40:35.460Z [GET] /Girografia
2023-12-06T17:40:35.529Z [GET] /mp4jpg/Autoslujo.mp4
2023-12-06T17:40:35.535Z [GET] /mp4jpg/Autoslujo.mp4
2023-12-06T17:40:56.677Z [GET] /Girografia
2023-12-06T17:40:56.742Z [GET] /src/mp4jpg/Autoslujo.mp4
2023-12-06T17:40:56.743Z [GET] /mp4jpg/Autoslujo.mp4
2023-12-06T17:48:11.648Z [GET] /Girografia
2023-12-06T17:48:11.737Z [GET] /src/mp4jpg/Autoslujo.mp4
2023-12-06T17:48:12.555Z [GET] /Girografia
2023-12-06T17:48:12.585Z [GET] /src/mp4jpg/Autoslujo.mp4
2023-12-06T17:50:50.637Z [GET] /Girografia
2023-12-06T17:50:50.820Z [GET] /public/autos.mp4
2023-12-06T17:50:51.415Z [GET] /Girografia
2023-12-06T17:50:51.438Z [GET] /public/autos.mp4
2023-12-06T17:51:09.299Z [GET] /Girografia
2023-12-06T17:51:09.371Z [GET] /public/autos.mp4
2023-12-06T17:51:10.035Z [GET] /Girografia
2023-12-06T17:51:10.058Z [GET] /public/autos.mp4
2023-12-06T17:51:10.720Z [GET] /Girografia
2023-12-06T17:51:10.742Z [GET] /public/autos.mp4
2023-12-06T17:55:45.359Z [GET] /Girografia
2023-12-06T17:55:45.442Z [GET] /autos.mp4
2023-12-06T17:57:43.961Z [GET] /Girografia
2023-12-06T17:57:44.032Z [GET] /public/autos.mp4
2023-12-06T17:57:44.787Z [GET] /Girografia
2023-12-06T17:57:44.809Z [GET] /public/autos.mp4
2023-12-06T17:58:43.391Z [GET] /Girografia
2023-12-06T17:58:43.568Z [GET] /public/autos.mp4
2023-12-06T18:02:24.879Z [GET] /Girografia
2023-12-06T18:02:24.958Z [GET] /src/css/styles.css
2023-12-06T18:02:24.963Z [GET] /public/autos.mp4
2023-12-06T18:02:25.835Z [GET] /Girografia
2023-12-06T18:02:25.852Z [GET] /src/css/styles.css
2023-12-06T18:02:25.861Z [GET] /public/autos.mp4
2023-12-06T18:03:00.077Z [GET] /Girografia
2023-12-06T18:03:00.108Z [GET] /src/css/styles.css
2023-12-06T18:03:00.108Z [GET] /public/autos.mp4
2023-12-06T18:03:01.088Z [GET] /Girografia
2023-12-06T18:03:01.106Z [GET] /src/css/styles.css
2023-12-06T18:03:01.108Z [GET] /public/autos.mp4
2023-12-06T18:03:01.760Z [GET] /Girografia
2023-12-06T18:03:01.776Z [GET] /src/css/styles.css
2023-12-06T18:03:01.777Z [GET] /public/autos.mp4
2023-12-06T18:04:31.826Z [GET] /Girografia
2023-12-06T18:04:31.893Z [GET] /src/css/styles.css
2023-12-06T18:04:31.894Z [GET] /public/autos.mp4
2023-12-06T18:04:32.795Z [GET] /Girografia
2023-12-06T18:04:32.812Z [GET] /src/css/styles.css
2023-12-06T18:04:32.814Z [GET] /public/autos.mp4
2023-12-06T18:05:53.241Z [GET] /Girografia
2023-12-06T18:05:53.403Z [GET] /css/styles.css
2023-12-06T18:05:53.405Z [GET] /public/autos.mp4
2023-12-06T18:05:54.503Z [GET] /Girografia
2023-12-06T18:05:54.523Z [GET] /css/styles.css
2023-12-06T18:05:54.524Z [GET] /public/autos.mp4
2023-12-06T18:06:52.111Z [GET] /Girografia
2023-12-06T18:06:52.174Z [GET] /css/styles.css
2023-12-06T18:06:52.175Z [GET] /public/autos.mp4
2023-12-06T18:10:45.041Z [GET] /Girografia
2023-12-06T18:10:45.208Z [GET] /css/styles.css
2023-12-06T18:10:45.210Z [GET] /jpgmp4/autos.mp4
2023-12-06T18:10:45.241Z [GET] /jpgmp4/autos.mp4
2023-12-06T18:10:46.986Z [GET] /jpgmp4/autos.mp4
2023-12-06T18:10:46.994Z [GET] /jpgmp4/autos.mp4
2023-12-06T18:12:14.666Z [GET] /jpgmp4/autos.mp4
2023-12-06T18:12:14.688Z [GET] /jpgmp4/autos.mp4
2023-12-06T18:12:15.903Z [GET] /Girografia
2023-12-06T18:12:15.983Z [GET] /css/styles.css
2023-12-06T18:13:34.989Z [GET] /jpgmp4/autos.mp4
2023-12-06T18:13:37.212Z [GET] /Girografia
2023-12-06T18:13:37.291Z [GET] /css/styles.css
2023-12-06T18:14:05.135Z [GET] /Girografia
2023-12-06T18:14:05.323Z [GET] /css/styles.css
2023-12-06T18:15:34.292Z [GET] /jpgmp4/autos.mp4
2023-12-06T18:15:35.584Z [GET] /Girografia
2023-12-06T18:15:35.656Z [GET] /css/styles.css
2023-12-06T18:15:35.657Z [GET] /jpgmp4/autos.mp4
2023-12-06T18:18:12.537Z [GET] /jpgmp4/autos.mp4
2023-12-06T18:18:13.921Z [GET] /Girografia
2023-12-06T18:18:13.994Z [GET] /css/styles.css
2023-12-06T18:18:22.213Z [GET] /Girografia
2023-12-06T18:18:22.238Z [GET] /css/styles.css
2023-12-06T18:18:23.075Z [GET] /Girografia
2023-12-06T18:18:23.094Z [GET] /css/styles.css
2023-12-06T18:19:59.671Z [GET] /jpgmp4/autos.mp4
2023-12-06T18:20:00.934Z [GET] /Girografia
2023-12-06T18:20:01.000Z [GET] /css/styles.css
2023-12-06T18:21:56.022Z [GET] /jpgmp4/autos.mp4
2023-12-06T18:21:57.609Z [GET] /Girografia
2023-12-06T18:21:57.679Z [GET] /css/styles.css
2023-12-06T18:22:31.824Z [GET] /jpgmp4/autos.mp4
2023-12-06T18:22:35.539Z [GET] /Girografia
2023-12-06T18:22:35.606Z [GET] /css/styles.css
2023-12-06T18:23:18.979Z [GET] /jpgmp4/autos.mp4
2023-12-06T18:23:20.316Z [GET] /Girografia
2023-12-06T18:23:20.382Z [GET] /css/styles.css
2023-12-06T18:23:33.719Z [GET] /Girografia
2023-12-06T18:23:33.895Z [GET] /css/styles.css
2023-12-06T18:25:15.416Z [GET] /jpgmp4/autos.mp4
2023-12-06T18:25:16.610Z [GET] /Girografia
2023-12-06T18:25:16.792Z [GET] /css/styles.css
2023-12-06T18:25:48.024Z [GET] /Girografia
2023-12-06T18:25:48.210Z [GET] /css/styles.css
2023-12-06T18:26:41.935Z [GET] /jpgmp4/autos.mp4
2023-12-06T18:26:47.536Z [GET] /Girografia
2023-12-06T18:26:47.613Z [GET] /css/styles.css
2023-12-06T18:28:57.563Z [GET] /jpgmp4/autos.mp4
2023-12-06T18:28:59.157Z [GET] /Girografia
2023-12-06T18:28:59.234Z [GET] /css/styles.css
2023-12-06T18:29:00.428Z [GET] /Girografia
2023-12-06T18:29:00.445Z [GET] /css/styles.css
2023-12-06T18:29:17.574Z [GET] /Girografia
2023-12-06T18:29:17.649Z [GET] /css/styles.css
2023-12-06T18:30:14.616Z [GET] /jpgmp4/autos.mp4
2023-12-06T18:31:05.303Z [GET] /jpgmp4/autos.mp4
2023-12-06T18:31:07.003Z [GET] /Girografia
2023-12-06T18:31:07.089Z [GET] /css/styles.css
2023-12-06T18:32:46.073Z [GET] /jpgmp4/autos.mp4
2023-12-06T18:32:47.605Z [GET] /Girografia
2023-12-06T18:32:47.679Z [GET] /css/styles.css
2023-12-06T18:34:42.183Z [GET] /jpgmp4/autos.mp4
2023-12-06T18:34:43.235Z [GET] /Girografia
2023-12-06T18:34:43.309Z [GET] /css/styles.css
2023-12-06T18:34:43.310Z [GET] /jpgmp4/autos.mp4
2023-12-06T18:35:19.147Z [GET] /jpgmp4/autos.mp4
2023-12-06T18:35:20.541Z [GET] /Girografia
2023-12-06T18:35:20.612Z [GET] /css/styles.css
2023-12-06T18:35:36.761Z [GET] /Girografia
2023-12-06T18:35:36.935Z [GET] /css/styles.css
2023-12-06T18:36:36.327Z [GET] /jpgmp4/autos.mp4
2023-12-06T18:40:53.027Z [GET] /jpgmp4/autos.mp4
2023-12-06T18:40:59.968Z [GET] /jpgmp4/autos.mp4
2023-12-06T18:42:14.838Z [GET] /jpgmp4/autos.mp4
2023-12-06T18:43:42.914Z [GET] /jpgmp4/autos.mp4
2023-12-06T18:43:44.295Z [GET] /Girografia
2023-12-06T18:43:44.471Z [GET] /css/styles.css
2023-12-06T18:45:11.329Z [GET] /jpgmp4/autos.mp4
2023-12-06T18:45:12.593Z [GET] /Girografia
2023-12-06T18:45:12.669Z [GET] /css/styles.css
2023-12-06T18:45:28.609Z [GET] /Girografia
2023-12-06T18:45:28.693Z [GET] /css/styles.css
2023-12-06T18:45:57.708Z [GET] /Girografia
2023-12-06T18:45:57.785Z [GET] /css/styles.css
2023-12-06T18:47:20.236Z [GET] /jpgmp4/autos.mp4
2023-12-06T18:47:21.675Z [GET] /Girografia
2023-12-06T18:47:21.752Z [GET] /css/styles.css
2023-12-06T18:48:00.128Z [GET] /jpgmp4/autos.mp4
2023-12-06T18:52:30.546Z [GET] /jpgmp4/autos.mp4
2023-12-06T18:52:31.761Z [GET] /Girografia
2023-12-06T18:52:31.835Z [GET] /css/styles.css
2023-12-06T18:52:31.835Z [GET] /jpgmp4/autos.mp4
2023-12-06T18:52:52.625Z [GET] /Girografia
2023-12-06T18:52:52.817Z [GET] /css/styles.css
2023-12-06T18:52:53.520Z [GET] /Girografia
2023-12-06T18:52:53.540Z [GET] /css/styles.css
2023-12-06T18:53:07.496Z [GET] /Girografia
2023-12-06T18:53:07.674Z [GET] /css/styles.css
2023-12-06T18:53:42.911Z [GET] /Girografia
2023-12-06T18:53:42.980Z [GET] /css/styles.css
2023-12-06T18:53:57.020Z [GET] /Girografia
2023-12-06T18:53:57.199Z [GET] /css/styles.css
2023-12-06T18:59:23.712Z [GET] /jpgmp4/autos.mp4
2023-12-06T18:59:25.702Z [GET] /Girografia
2023-12-06T18:59:25.809Z [GET] /css/styles.css
2023-12-06T18:59:25.811Z [GET] /autos.mp4
2023-12-06T18:59:36.484Z [GET] /Girografia
2023-12-06T18:59:36.673Z [GET] /css/styles.css
2023-12-06T18:59:36.683Z [GET] /jpgmp4/autos.mp4
2023-12-06T19:00:22.698Z [GET] /Girografia
2023-12-06T19:00:22.872Z [GET] /css/styles.css
2023-12-06T19:00:22.875Z [GET] /jpgmp4/autos.mp4
2023-12-06T19:01:54.486Z [GET] /Girografia
2023-12-06T19:01:54.566Z [GET] /css/styles.css
2023-12-06T19:01:54.566Z [GET] /jpgmp4/autos.mp4
2023-12-06T19:01:54.583Z [GET] /jpgmp4/autos.mp4
2023-12-06T19:01:54.629Z [GET] /jpgmp4/autos.mp4
2023-12-06T19:02:13.468Z [GET] /Girografia
2023-12-06T19:02:13.544Z [GET] /css/styles.css
2023-12-06T19:04:13.402Z [GET] /Girografia
2023-12-06T19:04:13.571Z [GET] /css/styles.css
2023-12-06T19:04:13.576Z [GET] /jpgmp4/autos.mp4
2023-12-06T19:04:13.595Z [GET] /jpgmp4/autos.mp4
2023-12-06T19:04:15.692Z [GET] /jpgmp4/autos.mp4
2023-12-06T19:07:32.049Z [GET] /jpgmp4/autos.mp4
2023-12-06T19:07:33.297Z [GET] /Girografia
2023-12-06T19:07:33.383Z [GET] /css/styles.css
2023-12-06T19:07:33.384Z [GET] /jpgmp4/autos.mp4
2023-12-06T19:09:35.226Z [GET] /jpgmp4/autos.mp4
2023-12-06T19:09:36.965Z [GET] /Girografia
2023-12-06T19:09:37.044Z [GET] /css/styles.css
2023-12-06T19:09:37.049Z [GET] /jpgmp4/autos.mp4
2023-12-06T19:10:28.666Z [GET] /jpgmp4/autos.mp4
2023-12-06T19:11:33.531Z [GET] /jpgmp4/autos.mp4
2023-12-06T19:13:33.009Z [GET] /jpgmp4/autos.mp4
2023-12-06T19:15:34.722Z [GET] /jpgmp4/autos.mp4
2023-12-06T19:15:35.824Z [GET] /jpgmp4/autos.mp4
2023-12-06T19:15:37.230Z [GET] /Girografia
2023-12-06T19:15:37.315Z [GET] /css/styles.css
2023-12-06T19:16:18.912Z [GET] /jpgmp4/autos.mp4
2023-12-06T19:16:25.965Z [GET] /Girografia
2023-12-06T19:16:26.129Z [GET] /css/styles.css
2023-12-06T19:16:48.196Z [GET] /Girografia
2023-12-06T19:16:48.267Z [GET] /css/styles.css
2023-12-06T19:19:28.970Z [GET] /jpgmp4/autos.mp4
2023-12-06T19:19:31.937Z [GET] /Girografia
2023-12-06T19:19:32.015Z [GET] /css/styles.css
2023-12-06T19:19:32.016Z [GET] /jpgmp4/autos.mp4
2023-12-06T19:19:47.345Z [GET] /Girografia
2023-12-06T19:19:47.420Z [GET] /css/styles.css
2023-12-06T19:22:55.039Z [GET] /jpgmp4/autos.mp4
2023-12-06T19:22:57.071Z [GET] /Girografia
2023-12-06T19:22:57.305Z [GET] /css/styles.css
2023-12-06T19:22:57.306Z [GET] /jpgmp4/autos.mp4
2023-12-06T19:22:58.939Z [GET] /Girografia
2023-12-06T19:22:58.957Z [GET] /css/styles.css
2023-12-06T19:37:11.226Z [GET] /jpgmp4/autos.mp4
2023-12-06T19:37:14.530Z [GET] /jpgmp4/autos.mp4
2023-12-06T19:40:26.977Z [GET] /jpgmp4/autos.mp4
2023-12-06T19:44:14.612Z [GET] /jpgmp4/autos.mp4
2023-12-06T19:48:23.312Z [GET] /jpgmp4/autos.mp4
2023-12-06T19:48:25.084Z [GET] /Girografia
2023-12-06T19:48:25.278Z [GET] /css/styles.css
2023-12-06T19:48:25.285Z [GET] /jpgmp4/autos.mp4
2023-12-06T19:48:37.607Z [GET] /Girografia
2023-12-06T19:48:37.818Z [GET] /css/styles.css
2023-12-06T19:48:38.601Z [GET] /categorias
2023-12-06T19:48:41.600Z [GET] /categorias
2023-12-06T19:56:50.962Z [GET] /jpgmp4/autos.mp4
2023-12-06T19:56:52.992Z [GET] /Girografia
2023-12-06T19:56:53.129Z [GET] /css/styles.css
2023-12-06T19:56:56.522Z [GET] /Girografia
2023-12-06T19:56:56.546Z [GET] /css/styles.css
2023-12-06T19:57:27.259Z [GET] /jpgmp4/autos.mp4
2023-12-06T19:57:28.966Z [GET] /Girografia
2023-12-06T19:57:29.060Z [GET] /css/styles.css
2023-12-06T19:58:47.675Z [GET] /jpgmp4/autos.mp4
2023-12-06T19:58:53.900Z [GET] /Girografia
2023-12-06T19:58:53.979Z [GET] /css/styles.css
2023-12-06T19:58:54.835Z [GET] /categorias
2023-12-06T19:58:56.477Z [GET] /categorias
2023-12-06T19:58:59.961Z [GET] /categorias3
2023-12-06T19:59:02.850Z [GET] /categorias
2023-12-06T19:59:05.116Z [GET] /categorias2
2023-12-06T19:59:08.318Z [GET] /categorias
2023-12-06T20:00:59.867Z [GET] /jpgmp4/autos.mp4
2023-12-06T20:01:02.045Z [GET] /Girografia
2023-12-06T20:01:02.235Z [GET] /...
2023-12-06T20:01:02.236Z [GET] /css/styles.css
2023-12-06T20:01:02.237Z [GET] /jpgmp4/autos.mp4
2023-12-06T20:01:03.138Z [GET] /Girografia
2023-12-06T20:01:03.157Z [GET] /css/styles.css
2023-12-06T20:01:03.157Z [GET] /...
2023-12-06T20:01:03.715Z [GET] /Girografia
2023-12-06T20:01:03.735Z [GET] /css/styles.css
2023-12-06T20:01:03.738Z [GET] /...
2023-12-06T20:01:04.164Z [GET] /Girografia
2023-12-06T20:01:04.185Z [GET] /css/styles.css
2023-12-06T20:01:04.185Z [GET] /...
2023-12-06T20:01:04.538Z [GET] /Girografia
2023-12-06T20:01:04.566Z [GET] /css/styles.css
2023-12-06T20:01:04.566Z [GET] /...
2023-12-06T20:01:04.771Z [GET] /Girografia
2023-12-06T20:01:04.793Z [GET] /css/styles.css
2023-12-06T20:01:04.806Z [GET] /...
2023-12-06T20:01:05.032Z [GET] /Girografia
2023-12-06T20:01:05.051Z [GET] /css/styles.css
2023-12-06T20:01:05.056Z [GET] /...
2023-12-06T20:01:05.285Z [GET] /Girografia
2023-12-06T20:01:05.306Z [GET] /css/styles.css
2023-12-06T20:01:05.307Z [GET] /...
2023-12-06T20:03:15.726Z [GET] /jpgmp4/autos.mp4
2023-12-06T20:03:17.341Z [GET] /Girografia
2023-12-06T20:03:18.108Z [GET] /css/styles.css
2023-12-06T20:03:18.110Z [GET] /...
2023-12-06T20:03:20.336Z [GET] /Girografia
2023-12-06T20:03:20.414Z [GET] /...
2023-12-06T20:03:20.414Z [GET] /css/styles.css
2023-12-06T20:03:21.405Z [GET] /Girografia
2023-12-06T20:03:21.485Z [GET] /css/styles.css
2023-12-06T20:03:21.486Z [GET] /...
2023-12-06T20:03:22.139Z [GET] /Girografia
2023-12-06T20:03:22.178Z [GET] /css/styles.css
2023-12-06T20:03:22.201Z [GET] /...
2023-12-06T20:03:22.536Z [GET] /Girografia
2023-12-06T20:03:22.595Z [GET] /css/styles.css
2023-12-06T20:03:22.621Z [GET] /...
2023-12-06T20:03:22.965Z [GET] /Girografia
2023-12-06T20:03:23.018Z [GET] /css/styles.css
2023-12-06T20:03:23.034Z [GET] /...
2023-12-06T20:03:23.366Z [GET] /Girografia
2023-12-06T20:03:23.413Z [GET] /...
2023-12-06T20:03:23.413Z [GET] /css/styles.css
2023-12-06T20:03:23.756Z [GET] /Girografia
2023-12-06T20:03:23.801Z [GET] /css/styles.css
2023-12-06T20:03:23.848Z [GET] /...
2023-12-06T20:03:24.153Z [GET] /Girografia
2023-12-06T20:03:24.231Z [GET] /css/styles.css
2023-12-06T20:03:24.251Z [GET] /...
2023-12-06T20:03:24.552Z [GET] /Girografia
2023-12-06T20:03:24.598Z [GET] /css/styles.css
2023-12-06T20:03:24.629Z [GET] /...
2023-12-06T20:03:24.943Z [GET] /Girografia
2023-12-06T20:03:25.004Z [GET] /css/styles.css
2023-12-06T20:03:25.030Z [GET] /...
2023-12-06T20:03:25.353Z [GET] /Girografia
2023-12-06T20:03:25.443Z [GET] /css/styles.css
2023-12-06T20:03:25.451Z [GET] /...
2023-12-06T20:05:25.822Z [GET] /jpgmp4/autos.mp4
2023-12-06T20:05:28.240Z [GET] /Girografia
2023-12-06T20:05:28.325Z [GET] /css/styles.css
2023-12-06T20:05:28.326Z [GET] /...
2023-12-06T20:05:28.584Z [GET] /Girografia
2023-12-06T20:05:28.604Z [GET] /css/styles.css
2023-12-06T20:05:28.604Z [GET] /...
2023-12-06T20:05:29.105Z [GET] /Girografia
2023-12-06T20:05:29.124Z [GET] /css/styles.css
2023-12-06T20:05:29.125Z [GET] /...
2023-12-06T20:05:29.770Z [GET] /Girografia
2023-12-06T20:05:29.788Z [GET] /css/styles.css
2023-12-06T20:05:29.788Z [GET] /...
2023-12-06T20:05:30.251Z [GET] /Girografia
2023-12-06T20:05:30.272Z [GET] /css/styles.css
2023-12-06T20:05:30.273Z [GET] /...
2023-12-06T20:05:30.661Z [GET] /Girografia
2023-12-06T20:05:30.684Z [GET] /css/styles.css
2023-12-06T20:05:30.685Z [GET] /...
2023-12-06T20:07:05.891Z [GET] /jpgmp4/autos.mp4
2023-12-06T20:07:07.756Z [GET] /Girografia
2023-12-06T20:07:08.088Z [GET] /css/styles.css
2023-12-06T20:07:08.089Z [GET] /...
2023-12-06T20:07:08.100Z [GET] /jpgmp4/autos.mp4
2023-12-06T20:07:11.550Z [GET] /Girografia
2023-12-06T20:07:11.573Z [GET] /css/styles.css
2023-12-06T20:07:11.573Z [GET] /...
2023-12-06T20:07:12.188Z [GET] /Girografia
2023-12-06T20:07:12.210Z [GET] /css/styles.css
2023-12-06T20:07:12.217Z [GET] /...
2023-12-06T20:07:13.435Z [GET] /Girografia
2023-12-06T20:07:13.455Z [GET] /css/styles.css
2023-12-06T20:07:13.467Z [GET] /...
2023-12-06T20:07:14.222Z [GET] /Girografia
2023-12-06T20:07:14.253Z [GET] /css/styles.css
2023-12-06T20:07:14.254Z [GET] /...
2023-12-06T20:07:14.845Z [GET] /Girografia
2023-12-06T20:07:14.872Z [GET] /css/styles.css
2023-12-06T20:07:14.873Z [GET] /...
2023-12-06T20:08:28.767Z [GET] /jpgmp4/autos.mp4
2023-12-06T20:08:30.780Z [GET] /Girografia
2023-12-06T20:08:30.864Z [GET] /css/styles.css
2023-12-06T20:08:30.864Z [GET] /...
2023-12-06T20:09:14.113Z [GET] /Girografia
2023-12-06T20:09:14.192Z [GET] /css/styles.css
2023-12-06T20:09:14.198Z [GET] /...
2023-12-06T20:12:00.604Z [GET] /jpgmp4/autos.mp4
2023-12-06T20:12:02.696Z [GET] /Girografia
2023-12-06T20:12:02.780Z [GET] /css/styles.css
2023-12-06T20:12:02.781Z [GET] /...
2023-12-06T20:12:02.791Z [GET] /jpgmp4/autos.mp4
2023-12-06T20:12:03.732Z [GET] /Girografia
2023-12-06T20:12:03.754Z [GET] /css/styles.css
2023-12-06T20:12:03.755Z [GET] /...
2023-12-06T20:13:42.379Z [GET] /jpgmp4/autos.mp4
2023-12-06T20:13:45.910Z [GET] /Girografia
2023-12-06T20:13:45.983Z [GET] /css/styles.css
2023-12-06T20:13:46.002Z [GET] /...
2023-12-06T20:13:46.709Z [GET] /Girografia
2023-12-06T20:13:46.738Z [GET] /css/styles.css
2023-12-06T20:13:46.739Z [GET] /...
2023-12-06T20:13:47.288Z [GET] /Girografia
2023-12-06T20:13:47.306Z [GET] /css/styles.css
2023-12-06T20:13:47.307Z [GET] /...
2023-12-06T20:13:47.621Z [GET] /Girografia
2023-12-06T20:13:47.642Z [GET] /css/styles.css
2023-12-06T20:13:47.642Z [GET] /...
2023-12-06T20:13:47.839Z [GET] /Girografia
2023-12-06T20:13:47.859Z [GET] /...
2023-12-06T20:13:47.858Z [GET] /css/styles.css
2023-12-06T20:13:48.118Z [GET] /Girografia
2023-12-06T20:13:48.135Z [GET] /css/styles.css
2023-12-06T20:13:48.136Z [GET] /...
2023-12-06T20:14:44.738Z [GET] /jpgmp4/autos.mp4
2023-12-06T20:14:47.081Z [GET] /Girografia
2023-12-06T20:14:47.151Z [GET] /css/styles.css
2023-12-06T20:14:47.152Z [GET] /...
2023-12-06T20:14:50.676Z [GET] /Girografia
2023-12-06T20:14:50.694Z [GET] /css/styles.css
2023-12-06T20:14:50.695Z [GET] /...
2023-12-06T20:14:51.638Z [GET] /Girografia
2023-12-06T20:14:51.658Z [GET] /css/styles.css
2023-12-06T20:14:51.659Z [GET] /...
2023-12-06T20:14:51.985Z [GET] /Girografia
2023-12-06T20:14:52.006Z [GET] /css/styles.css
2023-12-06T20:14:52.006Z [GET] /...
2023-12-06T20:14:52.226Z [GET] /Girografia
2023-12-06T20:14:52.247Z [GET] /css/styles.css
2023-12-06T20:14:52.248Z [GET] /...
2023-12-06T20:14:52.444Z [GET] /Girografia
2023-12-06T20:14:52.464Z [GET] /css/styles.css
2023-12-06T20:14:52.465Z [GET] /...
2023-12-06T20:14:52.658Z [GET] /Girografia
2023-12-06T20:14:52.682Z [GET] /css/styles.css
2023-12-06T20:14:52.682Z [GET] /...
2023-12-06T20:14:52.822Z [GET] /Girografia
2023-12-06T20:14:52.846Z [GET] /css/styles.css
2023-12-06T20:14:52.861Z [GET] /...
2023-12-06T20:14:53.004Z [GET] /Girografia
2023-12-06T20:14:53.035Z [GET] /css/styles.css
2023-12-06T20:14:53.036Z [GET] /...
2023-12-06T20:16:12.233Z [GET] /jpgmp4/autos.mp4
2023-12-06T20:16:13.399Z [GET] /Girografia
2023-12-06T20:16:13.527Z [GET] /css/styles.css
2023-12-06T20:16:13.528Z [GET] /...
2023-12-06T20:16:14.425Z [GET] /Girografia
2023-12-06T20:16:14.445Z [GET] /css/styles.css
2023-12-06T20:16:14.448Z [GET] /...
2023-12-06T20:16:16.113Z [GET] /Girografia
2023-12-06T20:16:16.138Z [GET] /css/styles.css
2023-12-06T20:16:16.141Z [GET] /...
2023-12-06T20:16:19.062Z [GET] /Girografia
2023-12-06T20:16:19.085Z [GET] /css/styles.css
2023-12-06T20:16:19.087Z [GET] /...
2023-12-06T20:16:19.547Z [GET] /Girografia
2023-12-06T20:16:19.577Z [GET] /css/styles.css
2023-12-06T20:16:19.578Z [GET] /...
2023-12-06T20:16:19.881Z [GET] /Girografia
2023-12-06T20:16:19.905Z [GET] /css/styles.css
2023-12-06T20:16:19.908Z [GET] /...
2023-12-06T20:17:10.219Z [GET] /jpgmp4/autos.mp4
2023-12-06T20:17:11.542Z [GET] /Girografia
2023-12-06T20:17:11.619Z [GET] /css/styles.css
2023-12-06T20:17:11.621Z [GET] /...
2023-12-06T20:21:56.951Z [GET] /jpgmp4/autos.mp4
2023-12-06T20:21:58.288Z [GET] /Girografia
2023-12-06T20:21:58.413Z [GET] /css/styles.css
2023-12-06T20:21:58.413Z [GET] /...
2023-12-06T20:35:24.440Z [GET] /Girografia
2023-12-06T20:37:35.889Z [GET] /Girografia
2023-12-06T20:37:36.527Z [GET] /Girografia
2023-12-06T20:38:20.334Z [GET] /Girografia
2023-12-06T20:40:15.161Z [GET] /Girografia
2023-12-06T20:44:04.952Z [GET] /Girografia
2023-12-06T20:45:50.019Z [GET] /Girografia
2023-12-06T20:46:31.996Z [GET] /Girografia
2023-12-06T20:56:05.512Z [GET] /Girografia
2023-12-06T20:58:16.410Z [GET] /Girografia
2023-12-06T20:58:36.483Z [GET] /Girografia
2023-12-06T21:00:46.073Z [GET] /
2023-12-06T21:00:59.872Z [GET] /GiroGrafia
2023-12-06T21:01:00.247Z [GET] /css/styles.css
2023-12-06T21:01:00.253Z [GET] /public/jpgmp4/CARROCATEGORIA1.webp
2023-12-06T21:01:00.832Z [GET] /favicon.ico
2023-12-06T21:01:06.282Z [GET] /Girografia
2023-12-06T21:01:06.321Z [GET] /css/styles.css
2023-12-06T21:01:06.322Z [GET] /public/jpgmp4/CARROCATEGORIA1.webp
2023-12-06T21:06:35.018Z [GET] /Girografia
2023-12-06T21:06:35.134Z [GET] /css/styles.css
2023-12-06T21:06:35.143Z [GET] /public/jpgmp4/CARROCATEGORIA1.jpg
2023-12-06T21:06:35.309Z [GET] /favicon.ico
2023-12-06T21:06:50.763Z [GET] /Girografia
2023-12-06T21:06:50.835Z [GET] /jpgmp4/CARROCATEGORIA1.jpg
2023-12-06T21:06:50.835Z [GET] /css/styles.css
2023-12-06T21:10:02.172Z [GET] /Girografia
2023-12-06T21:10:02.348Z [GET] /css/styles.css
2023-12-06T21:10:02.350Z [GET] /jpgmp4/CARROCATEGORIA2.jpg
2023-12-06T21:10:02.351Z [GET] /jpgmp4/CARROCATEGORIA1.jpg
2023-12-06T21:12:05.712Z [GET] /Girografia
2023-12-06T21:12:05.879Z [GET] /css/styles.css
2023-12-06T21:12:05.879Z [GET] /jpgmp4/CARROCATEGORIA3.jpg
2023-12-06T21:12:05.881Z [GET] /jpgmp4/CARROCATEGORIA1.jpg
2023-12-06T21:12:05.881Z [GET] /jpgmp4/CARROCATEGORIA2.jpg
2023-12-06T21:12:21.973Z [GET] /Girografia
2023-12-06T21:12:22.134Z [GET] /css/styles.css
2023-12-06T21:12:22.135Z [GET] /jpgmp4/CARROCATEGORIA1.jpg
2023-12-06T21:12:22.135Z [GET] /jpgmp4/CARROCATEGORIA2.jpg
2023-12-06T21:12:22.139Z [GET] /jpgmp4/CARROCATEGORIA3.jpg
2023-12-06T21:16:13.938Z [GET] /Girografia
2023-12-06T21:16:14.002Z [GET] /css/styles.css
2023-12-06T21:16:14.004Z [GET] /jpgmp4/CARROCATEGORIA1.jpg
2023-12-06T21:16:14.005Z [GET] /jpgmp4/CARROCATEGORIA2.jpg
2023-12-06T21:16:14.006Z [GET] /jpgmp4/CARROCATEGORIA3.jpg
2023-12-06T21:20:27.735Z [GET] /Girografia
2023-12-06T21:20:27.797Z [GET] /css/styles.css
2023-12-06T21:20:27.798Z [GET] /jpgmp4/CARROCATEGORIA1.jpg
2023-12-06T21:20:27.799Z [GET] /jpgmp4/CARROCATEGORIA2.jpg
2023-12-06T21:20:27.799Z [GET] /jpgmp4/CARROCATEGORIA3.jpg
2023-12-06T21:20:55.196Z [GET] /Girografia
2023-12-06T21:20:55.248Z [GET] /css/styles.css
2023-12-06T21:20:55.248Z [GET] /jpgmp4/CARROCATEGORIA1.jpg
2023-12-06T21:20:55.249Z [GET] /jpgmp4/CARROCATEGORIA2.jpg
2023-12-06T21:20:55.249Z [GET] /jpgmp4/CARROCATEGORIA3.jpg
2023-12-06T21:20:57.260Z [GET] /Girografia
2023-12-06T21:20:57.278Z [GET] /css/styles.css
2023-12-06T21:20:57.279Z [GET] /jpgmp4/CARROCATEGORIA1.jpg
2023-12-06T21:20:57.279Z [GET] /jpgmp4/CARROCATEGORIA2.jpg
2023-12-06T21:20:57.279Z [GET] /jpgmp4/CARROCATEGORIA3.jpg
2023-12-06T21:22:12.966Z [GET] /Girografia
2023-12-06T21:22:13.047Z [GET] /css/styles.css
2023-12-06T21:22:13.049Z [GET] /jpgmp4/CARROCATEGORIA1.jpg
2023-12-06T21:22:13.051Z [GET] /jpgmp4/CARROCATEGORIA3.jpg
2023-12-06T21:22:13.049Z [GET] /jpgmp4/CARROCATEGORIA2.jpg
2023-12-06T21:22:13.765Z [GET] /Girografia
2023-12-06T21:22:13.783Z [GET] /css/styles.css
2023-12-06T21:22:13.790Z [GET] /jpgmp4/CARROCATEGORIA2.jpg
2023-12-06T21:22:13.790Z [GET] /jpgmp4/CARROCATEGORIA1.jpg
2023-12-06T21:22:13.790Z [GET] /jpgmp4/CARROCATEGORIA3.jpg
2023-12-06T21:22:14.462Z [GET] /Girografia
2023-12-06T21:22:14.480Z [GET] /css/styles.css
2023-12-06T21:22:14.481Z [GET] /jpgmp4/CARROCATEGORIA2.jpg
2023-12-06T21:22:14.481Z [GET] /jpgmp4/CARROCATEGORIA3.jpg
2023-12-06T21:22:14.481Z [GET] /jpgmp4/CARROCATEGORIA1.jpg
2023-12-06T21:22:31.386Z [GET] /Girografia
2023-12-06T21:22:31.417Z [GET] /css/styles.css
2023-12-06T21:22:31.418Z [GET] /jpgmp4/CARROCATEGORIA1.jpg
2023-12-06T21:22:31.419Z [GET] /jpgmp4/CARROCATEGORIA2.jpg
2023-12-06T21:22:31.419Z [GET] /jpgmp4/CARROCATEGORIA3.jpg
2023-12-06T21:22:33.390Z [GET] /Girografia
2023-12-06T21:22:33.406Z [GET] /css/styles.css
2023-12-06T21:22:33.407Z [GET] /jpgmp4/CARROCATEGORIA1.jpg
2023-12-06T21:22:33.407Z [GET] /jpgmp4/CARROCATEGORIA2.jpg
2023-12-06T21:22:33.408Z [GET] /jpgmp4/CARROCATEGORIA3.jpg
2023-12-06T21:22:57.037Z [GET] /Girografia
2023-12-06T21:22:57.091Z [GET] /css/styles.css
2023-12-06T21:22:57.092Z [GET] /jpgmp4/CARROCATEGORIA2.jpg
2023-12-06T21:22:57.092Z [GET] /jpgmp4/CARROCATEGORIA1.jpg
2023-12-06T21:22:57.093Z [GET] /jpgmp4/CARROCATEGORIA3.jpg
2023-12-06T21:22:57.770Z [GET] /Girografia
2023-12-06T21:22:57.787Z [GET] /css/styles.css
2023-12-06T21:22:57.788Z [GET] /jpgmp4/CARROCATEGORIA1.jpg
2023-12-06T21:22:57.789Z [GET] /jpgmp4/CARROCATEGORIA2.jpg
2023-12-06T21:22:57.790Z [GET] /jpgmp4/CARROCATEGORIA3.jpg
2023-12-06T21:23:04.034Z [GET] /Girografia
2023-12-06T21:23:04.051Z [GET] /css/styles.css
2023-12-06T21:23:04.051Z [GET] /jpgmp4/CARROCATEGORIA1.jpg
2023-12-06T21:23:04.052Z [GET] /jpgmp4/CARROCATEGORIA2.jpg
2023-12-06T21:23:04.052Z [GET] /jpgmp4/CARROCATEGORIA3.jpg
2023-12-06T21:23:25.047Z [GET] /Girografia
2023-12-06T21:23:25.102Z [GET] /css/styles.css
2023-12-06T21:23:25.102Z [GET] /jpgmp4/CARROCATEGORIA1.jpg
2023-12-06T21:23:25.103Z [GET] /jpgmp4/CARROCATEGORIA2.jpg
2023-12-06T21:23:25.104Z [GET] /jpgmp4/CARROCATEGORIA3.jpg
2023-12-06T21:23:51.582Z [GET] /Girografia
2023-12-06T21:23:51.638Z [GET] /css/styles.css
2023-12-06T21:23:51.639Z [GET] /jpgmp4/CARROCATEGORIA2.jpg
2023-12-06T21:23:51.638Z [GET] /jpgmp4/CARROCATEGORIA1.jpg
2023-12-06T21:23:51.639Z [GET] /jpgmp4/CARROCATEGORIA3.jpg
2023-12-06T21:27:29.437Z [GET] /Girografia
2023-12-06T21:27:29.602Z [GET] /css/styles.css
2023-12-06T21:27:29.603Z [GET] /jpgmp4/CARROCATEGORIA1.jpg
2023-12-06T21:27:29.603Z [GET] /jpgmp4/CARROCATEGORIA2.jpg
2023-12-06T21:27:29.603Z [GET] /jpgmp4/CARROCATEGORIA3.jpg
2023-12-06T21:31:57.571Z [GET] /Girografia
2023-12-06T21:31:57.627Z [GET] /css/styles.css
2023-12-06T21:31:57.628Z [GET] /jpgmp4/CARROCATEGORIA1.jpg
2023-12-06T21:31:57.628Z [GET] /jpgmp4/CARROCATEGORIA2.jpg
2023-12-06T21:31:57.628Z [GET] /jpgmp4/CARROCATEGORIA3.jpg
2023-12-06T21:32:00.870Z [GET] /categoria
2023-12-06T21:32:40.646Z [GET] /Girografia
2023-12-06T21:32:40.698Z [GET] /css/styles.css
2023-12-06T21:32:40.698Z [GET] /jpgmp4/CARROCATEGORIA1.jpg
2023-12-06T21:34:19.673Z [GET] /Girografia
2023-12-06T21:34:19.735Z [GET] /jpgmp4/CARROCATEGORIA3.jpg
2023-12-06T21:34:19.734Z [GET] /css/styles.css
2023-12-06T21:34:19.735Z [GET] /jpgmp4/CARROCATEGORIA1.jpg
2023-12-06T21:34:19.735Z [GET] /jpgmp4/CARROCATEGORIA2.jpg
2023-12-06T21:34:46.319Z [GET] /categoria2
2023-12-06T21:37:00.172Z [GET] /categoria3
2023-12-06T21:37:03.628Z [GET] /categoria
2023-12-06T21:39:05.355Z [GET] /categoria
2023-12-06T21:44:39.572Z [GET] /categoria
2023-12-06T21:47:28.860Z [GET] /Girografia
2023-12-06T21:47:28.922Z [GET] /css/styles.css
2023-12-06T21:47:28.923Z [GET] /jpgmp4/CARROCATEGORIA1.jpg
2023-12-06T21:47:28.925Z [GET] /jpgmp4/CARROCATEGORIA2.jpg
2023-12-06T21:47:28.925Z [GET] /jpgmp4/CARROCATEGORIA3.jpg
2023-12-06T21:47:30.686Z [GET] /categoria2
2023-12-06T21:48:00.170Z [GET] /categoria2
2023-12-06T21:50:26.644Z [GET] /Girografia
2023-12-06T21:50:26.707Z [GET] /css/styles.css
2023-12-06T21:50:26.707Z [GET] /jpgmp4/CARROCATEGORIA1.jpg
2023-12-06T21:50:26.709Z [GET] /jpgmp4/CARROCATEGORIA2.jpg
2023-12-06T21:50:26.709Z [GET] /jpgmp4/CARROCATEGORIA3.jpg
2023-12-06T21:50:28.900Z [GET] /clasicos
2023-12-06T21:50:32.219Z [GET] /Deportivos
2023-12-06T21:51:09.260Z [GET] /clasicos
2023-12-06T21:52:15.677Z [GET] /clasicos
2023-12-06T21:52:34.766Z [GET] /clasicos
2023-12-06T21:52:50.078Z [GET] /Girografia
2023-12-06T21:52:50.137Z [GET] /css/styles.css
2023-12-06T21:52:50.137Z [GET] /jpgmp4/CARROCATEGORIA1.jpg
2023-12-06T21:52:50.138Z [GET] /jpgmp4/CARROCATEGORIA2.jpg
2023-12-06T21:52:50.139Z [GET] /jpgmp4/CARROCATEGORIA3.jpg
2023-12-06T21:52:54.172Z [GET] /index
2023-12-06T21:53:10.207Z [GET] /index
2023-12-06T21:53:10.815Z [GET] /index
2023-12-06T21:56:33.087Z [GET] /Girografia
2023-12-06T21:56:33.150Z [GET] /css/styles.css
2023-12-06T21:56:33.150Z [GET] /jpgmp4/CARROCATEGORIA1.jpg
2023-12-06T21:56:33.151Z [GET] /jpgmp4/CARROCATEGORIA3.jpg
2023-12-06T21:56:33.151Z [GET] /jpgmp4/CARROCATEGORIA2.jpg
2023-12-06T21:56:34.645Z [GET] /categoria
2023-12-06T21:56:38.321Z [GET] /categorias2
2023-12-06T21:57:12.231Z [GET] /Girografia
2023-12-06T21:57:12.297Z [GET] /jpgmp4/CARROCATEGORIA2.jpg
2023-12-06T21:57:12.296Z [GET] /css/styles.css
2023-12-06T21:57:12.296Z [GET] /jpgmp4/CARROCATEGORIA1.jpg
2023-12-06T21:57:12.301Z [GET] /jpgmp4/CARROCATEGORIA3.jpg
2023-12-06T21:57:13.848Z [GET] /categorias2
2023-12-06T21:57:19.687Z [GET] /categorias2
2023-12-06T22:02:04.941Z [GET] /Girografia
2023-12-06T22:02:04.999Z [GET] /css/styles.css
2023-12-06T22:02:05.019Z [GET] /jpgmp4/CARROCATEGORIA1.jpg
2023-12-06T22:02:05.022Z [GET] /jpgmp4/CARROCATEGORIA2.jpg
2023-12-06T22:02:05.023Z [GET] /jpgmp4/CARROCATEGORIA3.jpg
2023-12-06T22:02:06.956Z [GET] /categoria
2023-12-06T22:03:22.123Z [GET] /Girografia
2023-12-06T22:03:22.215Z [GET] /css/styles.css
2023-12-06T22:03:22.218Z [GET] /jpgmp4/CARROCATEGORIA1.jpg
2023-12-06T22:03:22.224Z [GET] /jpgmp4/CARROCATEGORIA2.jpg
2023-12-06T22:03:22.225Z [GET] /jpgmp4/CARROCATEGORIA3.jpg
2023-12-06T22:03:25.079Z [GET] /categoria
2023-12-06T22:05:01.310Z [GET] /Girografia
2023-12-06T22:05:01.344Z [GET] /css/styles.css
2023-12-06T22:05:01.345Z [GET] /jpgmp4/CARROCATEGORIA1.jpg
2023-12-06T22:05:01.346Z [GET] /jpgmp4/CARROCATEGORIA2.jpg
2023-12-06T22:05:01.346Z [GET] /jpgmp4/CARROCATEGORIA3.jpg
2023-12-06T22:05:04.586Z [GET] /categoria
2023-12-06T22:05:25.787Z [GET] /categoria
2023-12-06T22:10:38.087Z [GET] /categoria
2023-12-06T22:17:47.265Z [GET] /categorias2
2023-12-06T22:20:38.815Z [POST] /categoria2
2023-12-06T22:20:46.680Z [POST] /categorias2
2023-12-06T22:21:37.806Z [POST] /categorias2
2023-12-06T22:21:55.260Z [POST] /categorias2
2023-12-06T22:24:31.087Z [POST] /categorias2
2023-12-06T22:33:42.464Z [POST] /categorias2
2023-12-06T22:39:41.341Z [POST] /categorias2
2023-12-06T22:43:26.772Z [POST] /categorias2
2023-12-06T22:44:51.728Z [POST] /categorias2
2023-12-06T22:51:03.544Z [POST] /categorias2
2023-12-06T22:51:28.696Z [POST] /categorias2
2023-12-06T23:03:27.148Z [GET] /GiroGrifa
2023-12-06T23:03:34.396Z [GET] /GiroGrafia
2023-12-06T23:03:34.470Z [GET] /css/styles.css
2023-12-06T23:03:34.472Z [GET] /jpgmp4/CARROCATEGORIA2.jpg
2023-12-06T23:03:34.473Z [GET] /jpgmp4/CARROCATEGORIA3.jpg
2023-12-06T23:03:34.473Z [GET] /jpgmp4/CARROCATEGORIA1.jpg
2023-12-06T23:03:34.626Z [GET] /favicon.ico
2023-12-06T23:03:40.705Z [GET] /categorias3
2023-12-06T23:07:19.150Z [GET] /categorias3
2023-12-06T23:08:25.576Z [GET] /GiroGrafia
2023-12-06T23:08:25.646Z [GET] /css/styles.css
2023-12-06T23:08:25.647Z [GET] /jpgmp4/CARROCATEGORIA1.jpg
2023-12-06T23:08:25.647Z [GET] /jpgmp4/CARROCATEGORIA2.jpg
2023-12-06T23:08:25.648Z [GET] /jpgmp4/CARROCATEGORIA3.jpg
2023-12-06T23:08:28.300Z [GET] /categorias3
2023-12-06T23:08:44.140Z [GET] /categoria
2023-12-06T23:49:48.813Z [GET] /GiroGrafia
2023-12-06T23:49:49.986Z [GET] /GiroGrafia
2023-12-06T23:52:00.047Z [GET] /GiroGrafia
2023-12-06T23:52:00.908Z [GET] /GiroGrafia
2023-12-06T23:55:23.625Z [GET] /GiroGrafia
2023-12-06T23:59:51.481Z [GET] /GiroGrafia
2023-12-06T23:59:51.525Z [GET] /css/styles.css
2023-12-06T23:59:51.536Z [GET] /jpgmp4/CARROCATEGORIA1.jpg
2023-12-06T23:59:51.538Z [GET] /jpgmp4/CARROCATEGORIA2.jpg
2023-12-06T23:59:51.538Z [GET] /jpgmp4/CARROCATEGORIA3.jpg
2023-12-06T23:59:54.465Z [GET] /categorias3
2023-12-07T00:03:43.213Z [GET] /GiroGrafia
2023-12-07T00:03:43.317Z [GET] /css/styles.css
2023-12-07T00:03:43.333Z [GET] /jpgmp4/CARROCATEGORIA1.jpg
2023-12-07T00:03:43.333Z [GET] /jpgmp4/CARROCATEGORIA2.jpg
2023-12-07T00:03:43.334Z [GET] /jpgmp4/CARROCATEGORIA3.jpg
2023-12-07T00:03:45.689Z [GET] /categorias3
2023-12-07T00:14:01.018Z [GET] /GiroGrafia
2023-12-07T00:14:01.098Z [GET] /css/styles.css
2023-12-07T00:14:01.098Z [GET] /jpgmp4/CARROCATEGORIA1.jpg
2023-12-07T00:14:01.102Z [GET] /jpgmp4/CARROCATEGORIA2.jpg
2023-12-07T00:14:01.103Z [GET] /jpgmp4/CARROCATEGORIA3.jpg
2023-12-07T00:14:02.778Z [GET] /categorias3
2023-12-07T00:31:57.666Z [GET] /css/styles.css
2023-12-07T00:31:57.668Z [GET] /jpgmp4/CARROCATEGORIA1.jpg
2023-12-07T00:31:57.669Z [GET] /jpgmp4/CARROCATEGORIA2.jpg
2023-12-07T00:31:57.670Z [GET] /jpgmp4/CARROCATEGORIA3.jpg
2023-12-07T00:31:59.064Z [GET] /categorias3
2023-12-07T01:06:27.798Z [GET] /css/styles.css
2023-12-07T01:06:27.800Z [GET] /jpgmp4/CARROCATEGORIA1.jpg
2023-12-07T01:06:27.801Z [GET] /jpgmp4/CARROCATEGORIA3.jpg
2023-12-07T01:06:27.800Z [GET] /jpgmp4/CARROCATEGORIA2.jpg
2023-12-07T01:06:29.157Z [GET] /GiroGrafia
2023-12-07T01:10:07.609Z [GET] /GiroGrafia
2023-12-07T01:10:08.531Z [GET] /GiroGrafia
2023-12-07T01:12:36.855Z [GET] /GiroGrafia
2023-12-07T01:17:28.652Z [GET] /GiroGrafia
2023-12-07T01:17:28.696Z [GET] /css/styles.css
2023-12-07T01:17:28.701Z [GET] /script.js
2023-12-07T01:17:28.708Z [GET] /jpgmp4/CARROCATEGORIA1.jpg
2023-12-07T01:17:28.708Z [GET] /jpgmp4/CARROCATEGORIA2.jpg
2023-12-07T01:17:28.708Z [GET] /jpgmp4/CARROCATEGORIA3.jpg
2023-12-07T01:18:27.506Z [GET] /GiroGrafia
2023-12-07T01:18:27.592Z [GET] /css/styles.css
2023-12-07T01:18:27.593Z [GET] /script.js
2023-12-07T01:18:27.594Z [GET] /jpgmp4/CARROCATEGORIA1.jpg
2023-12-07T01:18:27.595Z [GET] /jpgmp4/CARROCATEGORIA2.jpg
2023-12-07T01:18:27.596Z [GET] /jpgmp4/CARROCATEGORIA3.jpg
2023-12-07T01:29:58.793Z [GET] /GiroGrafia
2023-12-07T01:30:46.610Z [GET] /GiroGrafia
2023-12-07T01:30:46.693Z [GET] /css/styles.css
2023-12-07T01:30:46.697Z [GET] /script.js
2023-12-07T01:30:46.703Z [GET] /jpgmp4/CARROCATEGORIA1.jpg
2023-12-07T01:30:46.707Z [GET] /jpgmp4/CARROCATEGORIA2.jpg
2023-12-07T01:30:46.707Z [GET] /jpgmp4/CARROCATEGORIA3.jpg
2023-12-07T01:32:41.924Z [GET] /GiroGrafia
2023-12-07T01:32:42.014Z [GET] /css/styles.css
2023-12-07T01:32:42.018Z [GET] /script.js
2023-12-07T01:32:42.021Z [GET] /jpgmp4/CARROCATEGORIA1.jpg
2023-12-07T01:32:42.022Z [GET] /jpgmp4/CARROCATEGORIA2.jpg
2023-12-07T01:32:42.023Z [GET] /jpgmp4/CARROCATEGORIA3.jpg
2023-12-07T01:32:57.858Z [POST] /categorias2
2023-12-07T01:35:14.872Z [POST] /categorias2
2023-12-07T01:44:34.121Z [GET] /GiroGrafia
2023-12-07T01:44:34.160Z [GET] /css/styles.css
2023-12-07T01:44:34.168Z [GET] /script.js
2023-12-07T01:44:34.170Z [GET] /jpgmp4/CARROCATEGORIA1.jpg
2023-12-07T01:44:34.170Z [GET] /jpgmp4/CARROCATEGORIA2.jpg
2023-12-07T01:44:34.182Z [GET] /jpgmp4/CARROCATEGORIA3.jpg
2023-12-07T01:44:37.406Z [GET] /index.ejs
2023-12-07T01:44:59.472Z [GET] /index.ejs
2023-12-07T01:45:07.448Z [GET] /GiroGrafia
2023-12-07T01:45:07.550Z [GET] /css/styles.css
2023-12-07T01:45:07.550Z [GET] /script.js
2023-12-07T01:45:07.552Z [GET] /jpgmp4/CARROCATEGORIA1.jpg
2023-12-07T01:45:07.553Z [GET] /jpgmp4/CARROCATEGORIA3.jpg
2023-12-07T01:45:07.552Z [GET] /jpgmp4/CARROCATEGORIA2.jpg
2023-12-07T01:45:10.476Z [GET] /GiroGrafia
2023-12-07T01:45:10.508Z [GET] /css/styles.css
2023-12-07T01:45:10.508Z [GET] /script.js
2023-12-07T01:45:10.531Z [GET] /jpgmp4/CARROCATEGORIA1.jpg
2023-12-07T01:45:10.532Z [GET] /jpgmp4/CARROCATEGORIA2.jpg
2023-12-07T01:45:10.532Z [GET] /jpgmp4/CARROCATEGORIA3.jpg
2023-12-07T01:45:12.756Z [GET] /GiroGrafia
2023-12-07T01:45:12.784Z [GET] /css/styles.css
2023-12-07T01:45:12.785Z [GET] /script.js
2023-12-07T01:45:12.788Z [GET] /jpgmp4/CARROCATEGORIA2.jpg
2023-12-07T01:45:12.788Z [GET] /jpgmp4/CARROCATEGORIA1.jpg
2023-12-07T01:45:12.790Z [GET] /jpgmp4/CARROCATEGORIA3.jpg
2023-12-07T01:55:17.854Z [GET] /GiroGrafia
2023-12-07T02:00:36.566Z [GET] /GiroGrafia
2023-12-07T02:01:54.141Z [GET] /GiroGrafia
2023-12-07T02:07:10.139Z [GET] /GiroGrafia
2023-12-07T02:09:41.569Z [GET] /GiroGrafia
2023-12-07T02:10:06.357Z [GET] /GiroGrafia
2023-12-07T02:10:37.862Z [GET] /GiroGrafia
2023-12-07T02:14:14.032Z [GET] /GiroGrafia
2023-12-07T02:14:47.115Z [GET] /GiroGrafia
2023-12-07T02:16:10.804Z [GET] /GiroGrafia
2023-12-07T02:18:02.698Z [GET] /GiroGrafia
2023-12-07T02:18:34.513Z [GET] /GiroGrafia
2023-12-07T02:28:53.805Z [GET] /GiroGrafia
2023-12-07T02:29:57.897Z [GET] /GiroGrafia
2023-12-07T02:30:55.877Z [GET] /GiroGrafia
2023-12-07T02:32:21.142Z [GET] /GiroGrafia
2024-01-10T03:29:06.937Z [GET] /auth/signup
2024-01-10T03:29:12.977Z [GET] /
2024-01-10T03:29:54.462Z [GET] /GiroGrafia
2024-07-11T04:05:02.216Z [GET] /girografia
2024-07-11T04:06:23.453Z [GET] /girografia
2024-07-11T04:10:52.181Z [GET] /girografia
2024-07-11T04:12:13.149Z [GET] /Girografia
2024-07-11T04:13:07.342Z [GET] /Girografia
2024-07-11T04:15:22.217Z [GET] /GiroGrafia
2024-07-11T04:15:46.350Z [GET] /Girografia
2024-07-11T04:15:53.852Z [GET] /Girografia
2024-07-11T04:16:33.423Z [GET] /Girografia
2024-07-11T04:16:46.084Z [GET] /Girografia
2024-07-11T04:25:37.955Z [GET] /Girografia
